<?xml version="1.0" encoding="UTF-8"?>
<!-- Generated by org.testng.reporters.JUnitXMLReporter -->
<testsuite ignored="0" hostname="Someshs-MacBook-Pro.local" failures="0" tests="1" name="Test-FireFox" time="12.586" errors="0" timestamp="2023-12-21T18:58:22 IST">
  <testcase classname="contactTests.CreateContactWithLeadSource" name="CreateContactWithLeadSourcetest" time="1.443"/>
</testsuite> <!-- Test-FireFox -->
