<?xml version="1.0" encoding="UTF-8"?>
<!-- Generated by org.testng.reporters.JUnitXMLReporter -->
<testsuite hostname="Someshs-MacBook-Pro.local" ignored="0" name="Test-Edge" tests="1" failures="0" timestamp="2024-01-22T17:19:19 IST" time="26.67" errors="0">
  <testcase name="CreateLeadWithMandDeatails" time="4.201" classname="leadTests.TestCreateLeadRecord"/>
</testsuite> <!-- Test-Edge -->
