<?xml version="1.0" encoding="UTF-8"?>
<!-- Generated by org.testng.reporters.JUnitXMLReporter -->
<testsuite hostname="Someshs-MacBook-Pro.local" ignored="0" name="Test-FireFox" tests="1" failures="0" timestamp="2024-01-22T17:19:25 IST" time="32.582" errors="0">
  <testcase name="CreateContactWithLeadSourcetest" time="1.48" classname="contactTests.TestCreateContactWithLeadSource"/>
</testsuite> <!-- Test-FireFox -->
