<?xml version="1.0" encoding="UTF-8"?>
<!-- Generated by org.testng.reporters.JUnitXMLReporter -->
<testsuite ignored="0" hostname="Someshs-MacBook-Pro.local" failures="0" tests="1" name="Test-Edge" time="11.115" errors="0" timestamp="2023-12-21T18:58:20 IST">
  <testcase classname="leadTests.CreateLeadRecord" name="CreateLeadWithMandDeatails" time="2.352"/>
</testsuite> <!-- Test-Edge -->
