<?xml version="1.0" encoding="UTF-8"?>
<!-- Generated by org.testng.reporters.JUnitReportReporter -->
<testsuite hostname="Someshs-MacBook-Pro.local" failures="0" tests="1" name="leadTests.CreateLeadRecord" time="2.347" errors="0" timestamp="2023-12-27T18:06:32 IST" skipped="0">
  <testcase classname="leadTests.CreateLeadRecord" name="CreateLeadWithMandDeatails" time="2.347"/>
  <system-out/>
</testsuite> <!-- leadTests.CreateLeadRecord -->
