<?xml version="1.0" encoding="UTF-8"?>
<!-- Generated by org.testng.reporters.JUnitReportReporter -->
<testsuite skipped="0" hostname="Someshs-MacBook-Pro.local" name="practice.AssertionPractice" tests="1" failures="0" timestamp="2023-12-18T17:57:01 IST" time="0.012" errors="0">
  <testcase name="AssertExample" time="0.012" classname="practice.AssertionPractice"/>
  <system-out/>
</testsuite> <!-- practice.AssertionPractice -->
