<?xml version="1.0" encoding="UTF-8"?>
<!-- Generated by org.testng.reporters.JUnitReportReporter -->
<testsuite hostname="Someshs-MacBook-Pro.local" failures="0" tests="1" name="contactTests.CreateContact" time="2.624" errors="0" timestamp="2023-12-27T18:06:32 IST" skipped="0">
  <testcase classname="contactTests.CreateContact" name="createContactwithLastname" time="2.624"/>
  <system-out/>
</testsuite> <!-- contactTests.CreateContact -->
