<?xml version="1.0" encoding="UTF-8"?>
<!-- Generated by org.testng.reporters.JUnitReportReporter -->
<testsuite skipped="0" hostname="Someshs-MacBook-Pro.local" name="contactTests.TestCreateContactWithLeadSource" tests="1" failures="0" timestamp="2024-01-22T17:45:15 IST" time="1.985" errors="0">
  <testcase name="CreateContactWithLeadSourcetest" time="1.985" classname="contactTests.TestCreateContactWithLeadSource"/>
  <system-out/>
</testsuite> <!-- contactTests.TestCreateContactWithLeadSource -->
