<?xml version="1.0" encoding="UTF-8"?>
<!-- Generated by org.testng.reporters.JUnitReportReporter -->
<testsuite skipped="0" hostname="Someshs-MacBook-Pro.local" name="contactTests.TestCreateContact" tests="1" failures="0" timestamp="2024-01-22T17:45:10 IST" time="2.432" errors="0">
  <testcase name="createContactwithLastname" time="2.432" classname="contactTests.TestCreateContact"/>
  <system-out/>
</testsuite> <!-- contactTests.TestCreateContact -->
