<?xml version="1.0" encoding="UTF-8"?>
<!-- Generated by org.testng.reporters.JUnitReportReporter -->
<testsuite skipped="0" hostname="Someshs-MacBook-Pro.local" name="leadTests.TestCreateLeadRecord" tests="1" failures="0" timestamp="2024-01-22T17:45:00 IST" time="2.056" errors="0">
  <testcase name="CreateLeadWithMandDeatails" time="2.056" classname="leadTests.TestCreateLeadRecord"/>
  <system-out/>
</testsuite> <!-- leadTests.TestCreateLeadRecord -->
