<?xml version="1.0" encoding="UTF-8"?>
<!-- Generated by org.testng.reporters.JUnitReportReporter -->
<testsuite hostname="Someshs-MacBook-Pro.local" failures="0" tests="1" name="practice.CalenderPopup" time="7.464" errors="0" timestamp="2023-12-27T18:41:27 IST" skipped="0">
  <testcase classname="practice.CalenderPopup" name="calenderpopuptest" time="7.464"/>
  <system-out/>
</testsuite> <!-- practice.CalenderPopup -->
