<?xml version="1.0" encoding="UTF-8"?>
<!-- Generated by org.testng.reporters.JUnitReportReporter -->
<testsuite hostname="Someshs-MacBook-Pro.local" failures="0" tests="1" name="contactTests.TestCreateContact" time="2.314" errors="0" timestamp="2024-01-05T10:44:17 IST" skipped="0">
  <testcase classname="contactTests.TestCreateContact" name="createContactwithLastname" time="2.314"/>
  <system-out/>
</testsuite> <!-- contactTests.TestCreateContact -->
