<?xml version="1.0" encoding="UTF-8"?>
<!-- Generated by org.testng.reporters.JUnitReportReporter -->
<testsuite hostname="Someshs-MacBook-Pro.local" failures="0" tests="1" name="contactTests.TestCreateContactWithLeadSource" time="2.097" errors="0" timestamp="2024-01-05T10:43:22 IST" skipped="0">
  <testcase classname="contactTests.TestCreateContactWithLeadSource" name="CreateContactWithLeadSourcetest" time="2.097"/>
  <system-out/>
</testsuite> <!-- contactTests.TestCreateContactWithLeadSource -->
