<?xml version="1.0" encoding="UTF-8"?>
<!-- Generated by org.testng.reporters.JUnitReportReporter -->
<testsuite hostname="Someshs-MacBook-Pro.local" failures="0" tests="1" name="leadTests.TestCreateLeadRecord" time="2.126" errors="0" timestamp="2024-01-05T10:43:22 IST" skipped="0">
  <testcase classname="leadTests.TestCreateLeadRecord" name="CreateLeadWithMandDeatails" time="2.126"/>
  <system-out/>
</testsuite> <!-- leadTests.TestCreateLeadRecord -->
